{"/home/mathieu/Documentos/test_TSL/wallApp/backend/tests/resultsQueryTests/PutReturn.js": {"path":"/home/mathieu/Documentos/test_TSL/wallApp/backend/tests/resultsQueryTests/PutReturn.js","statementMap":{"0":{"start":{"line":1,"column":18},"end":{"line":14,"column":1}},"1":{"start":{"line":16,"column":0},"end":{"line":16,"column":27}}},"fnMap":{},"branchMap":{},"s":{"0":1,"1":1},"f":{},"b":{},"_coverageSchema":"1a1c01bbd47fc00a2c39e90264f33305004495a9","hash":"1ca2cdaa6dd712dd68830b6340ca6cfdbbe71f43"}
,"/home/mathieu/Documentos/test_TSL/wallApp/backend/tests/resultsQueryTests/getAllPostsReturn.js": {"path":"/home/mathieu/Documentos/test_TSL/wallApp/backend/tests/resultsQueryTests/getAllPostsReturn.js","statementMap":{"0":{"start":{"line":1,"column":26},"end":{"line":20,"column":1}},"1":{"start":{"line":22,"column":0},"end":{"line":22,"column":35}}},"fnMap":{},"branchMap":{},"s":{"0":1,"1":1},"f":{},"b":{},"_coverageSchema":"1a1c01bbd47fc00a2c39e90264f33305004495a9","hash":"8f49af2ddfce7487b781cf79e56b2a0106e91e15"}
,"/home/mathieu/Documentos/test_TSL/wallApp/backend/tests/resultsQueryTests/getAllUsersReturn.js": {"path":"/home/mathieu/Documentos/test_TSL/wallApp/backend/tests/resultsQueryTests/getAllUsersReturn.js","statementMap":{"0":{"start":{"line":1,"column":27},"end":{"line":22,"column":1}},"1":{"start":{"line":24,"column":0},"end":{"line":24,"column":35}}},"fnMap":{},"branchMap":{},"s":{"0":1,"1":1},"f":{},"b":{},"_coverageSchema":"1a1c01bbd47fc00a2c39e90264f33305004495a9","hash":"3fbb052c54f80fa9ee52f783cf805249092eba29"}
}
